<?xml version="1.0" encoding="UTF-8"?>
<!-- Generated by org.testng.reporters.JUnitReportReporter -->
<testsuite hostname="Akash" failures="0" tests="1" name="test.GooglePageTest" time="15.402" errors="0" timestamp="2022-04-15T10:38:33 IST" skipped="0">
  <testcase classname="test.GooglePageTest" name="loginTest" time="15.402"/>
  <system-out/>
</testsuite> <!-- test.GooglePageTest -->
